c:\users\tadai\desktop\games tech kursinis\advanced games technology pt1\project interim\inter\debug-windows-x86_64\game\vc142.pdb
c:\users\tadai\desktop\games tech kursinis\advanced games technology pt1\project interim\inter\debug-windows-x86_64\game\vc142.idb
c:\users\tadai\desktop\games tech kursinis\advanced games technology pt1\project interim\inter\debug-windows-x86_64\game\player.obj
c:\users\tadai\desktop\games tech kursinis\advanced games technology pt1\project interim\inter\debug-windows-x86_64\game\example_layer.obj
c:\users\tadai\desktop\games tech kursinis\advanced games technology pt1\project interim\inter\debug-windows-x86_64\game\quad.obj
c:\users\tadai\desktop\games tech kursinis\advanced games technology pt1\project interim\inter\debug-windows-x86_64\game\cross_fade.obj
c:\users\tadai\desktop\games tech kursinis\advanced games technology pt1\project interim\inter\debug-windows-x86_64\game\game.obj
c:\users\tadai\desktop\games tech kursinis\advanced games technology pt1\project interim\inter\debug-windows-x86_64\game\billboard.obj
c:\users\tadai\desktop\games tech kursinis\advanced games technology pt1\project interim\inter\debug-windows-x86_64\game\enemy.obj
c:\users\tadai\desktop\games tech kursinis\advanced games technology pt1\project interim\bin\debug-windows-x86_64\game\game.lib
c:\users\tadai\desktop\games tech kursinis\advanced games technology pt1\project interim\bin\debug-windows-x86_64\game\game.exp
c:\users\tadai\desktop\games tech kursinis\advanced games technology pt1\project interim\bin\debug-windows-x86_64\game\game.exe
c:\users\tadai\desktop\games tech kursinis\advanced games technology pt1\project interim\bin\debug-windows-x86_64\game\game.ilk
c:\users\tadai\desktop\games tech kursinis\advanced games technology pt1\project interim\bin\debug-windows-x86_64\game\game.pdb
c:\users\tadai\desktop\games tech kursinis\advanced games technology pt1\project\inter\debug-windows-x86_64\game\billboard.obj
c:\users\tadai\desktop\games tech kursinis\advanced games technology pt1\project\inter\debug-windows-x86_64\game\cross_fade.obj
c:\users\tadai\desktop\games tech kursinis\advanced games technology pt1\project\inter\debug-windows-x86_64\game\enemy.obj
c:\users\tadai\desktop\games tech kursinis\advanced games technology pt1\project\inter\debug-windows-x86_64\game\example_layer.obj
c:\users\tadai\desktop\games tech kursinis\advanced games technology pt1\project\inter\debug-windows-x86_64\game\game.obj
c:\users\tadai\desktop\games tech kursinis\advanced games technology pt1\project\inter\debug-windows-x86_64\game\player.obj
c:\users\tadai\desktop\games tech kursinis\advanced games technology pt1\project\inter\debug-windows-x86_64\game\quad.obj
c:\users\tadai\desktop\games tech kursinis\advanced games technology pt1\project\inter\debug-windows-x86_64\game\cross_fade.obj.enc
c:\users\tadai\desktop\games tech kursinis\advanced games technology pt1\project\inter\debug-windows-x86_64\game\enemy.obj.enc
c:\users\tadai\desktop\games tech kursinis\advanced games technology pt1\project\inter\debug-windows-x86_64\game\example_layer.obj.enc
c:\users\tadai\desktop\games tech kursinis\advanced games technology pt1\project\inter\debug-windows-x86_64\game\game.obj.enc
c:\users\tadai\desktop\games tech kursinis\advanced games technology pt1\project\inter\debug-windows-x86_64\game\vc142.idb
c:\users\tadai\desktop\games tech kursinis\advanced games technology pt1\project\inter\debug-windows-x86_64\game\vc142.pdb
c:\users\tadai\desktop\games tech kursinis\advanced games technology pt1\project\game\..\bin\debug-windows-x86_64\game\game.exe
c:\users\tadai\desktop\games tech kursinis\advanced games technology pt1\project\inter\debug-windows-x86_64\game\game.tlog\cl.command.1.tlog
c:\users\tadai\desktop\games tech kursinis\advanced games technology pt1\project\inter\debug-windows-x86_64\game\game.tlog\cl.read.1.tlog
c:\users\tadai\desktop\games tech kursinis\advanced games technology pt1\project\inter\debug-windows-x86_64\game\game.tlog\cl.write.1.tlog
c:\users\tadai\desktop\games tech kursinis\advanced games technology pt1\project\inter\debug-windows-x86_64\game\game.tlog\game.write.1u.tlog
c:\users\tadai\desktop\games tech kursinis\advanced games technology pt1\project\inter\debug-windows-x86_64\game\game.tlog\link.command.1.tlog
c:\users\tadai\desktop\games tech kursinis\advanced games technology pt1\project\inter\debug-windows-x86_64\game\game.tlog\link.read.1.tlog
c:\users\tadai\desktop\games tech kursinis\advanced games technology pt1\project\inter\debug-windows-x86_64\game\game.tlog\link.write.1.tlog
