c:\users\tadai\desktop\games tech kursinis\advanced games technology pt1\project interim\inter\debug-windows-x86_64\engine\engine.pch
c:\users\tadai\desktop\games tech kursinis\advanced games technology pt1\project interim\inter\debug-windows-x86_64\engine\engine.pdb
c:\users\tadai\desktop\games tech kursinis\advanced games technology pt1\project interim\inter\debug-windows-x86_64\engine\engine.idb
c:\users\tadai\desktop\games tech kursinis\advanced games technology pt1\project interim\inter\debug-windows-x86_64\engine\pch.obj
c:\users\tadai\desktop\games tech kursinis\advanced games technology pt1\project interim\inter\debug-windows-x86_64\engine\renderer.obj
c:\users\tadai\desktop\games tech kursinis\advanced games technology pt1\project interim\inter\debug-windows-x86_64\engine\render_command.obj
c:\users\tadai\desktop\games tech kursinis\advanced games technology pt1\project interim\inter\debug-windows-x86_64\engine\model.obj
c:\users\tadai\desktop\games tech kursinis\advanced games technology pt1\project interim\inter\debug-windows-x86_64\engine\mesh.obj
c:\users\tadai\desktop\games tech kursinis\advanced games technology pt1\project interim\inter\debug-windows-x86_64\engine\material.obj
c:\users\tadai\desktop\games tech kursinis\advanced games technology pt1\project interim\inter\debug-windows-x86_64\engine\light.obj
c:\users\tadai\desktop\games tech kursinis\advanced games technology pt1\project interim\inter\debug-windows-x86_64\engine\camera.obj
c:\users\tadai\desktop\games tech kursinis\advanced games technology pt1\project interim\inter\debug-windows-x86_64\engine\buffer.obj
c:\users\tadai\desktop\games tech kursinis\advanced games technology pt1\project interim\inter\debug-windows-x86_64\engine\terrain.obj
c:\users\tadai\desktop\games tech kursinis\advanced games technology pt1\project interim\inter\debug-windows-x86_64\engine\skybox.obj
c:\users\tadai\desktop\games tech kursinis\advanced games technology pt1\project interim\inter\debug-windows-x86_64\engine\spaceship.obj
c:\users\tadai\desktop\games tech kursinis\advanced games technology pt1\project interim\inter\debug-windows-x86_64\engine\sphere.obj
c:\users\tadai\desktop\games tech kursinis\advanced games technology pt1\project interim\inter\debug-windows-x86_64\engine\heightmap.obj
c:\users\tadai\desktop\games tech kursinis\advanced games technology pt1\project interim\inter\debug-windows-x86_64\engine\cuboid.obj
c:\users\tadai\desktop\games tech kursinis\advanced games technology pt1\project interim\inter\debug-windows-x86_64\engine\game_object.obj
c:\users\tadai\desktop\games tech kursinis\advanced games technology pt1\project interim\inter\debug-windows-x86_64\engine\character.obj
c:\users\tadai\desktop\games tech kursinis\advanced games technology pt1\project interim\inter\debug-windows-x86_64\engine\logger.obj
c:\users\tadai\desktop\games tech kursinis\advanced games technology pt1\project interim\inter\debug-windows-x86_64\engine\layers_stack.obj
c:\users\tadai\desktop\games tech kursinis\advanced games technology pt1\project interim\inter\debug-windows-x86_64\engine\layer.obj
c:\users\tadai\desktop\games tech kursinis\advanced games technology pt1\project interim\inter\debug-windows-x86_64\engine\application.obj
c:\users\tadai\desktop\games tech kursinis\advanced games technology pt1\project interim\inter\debug-windows-x86_64\engine\win_input.obj
c:\users\tadai\desktop\games tech kursinis\advanced games technology pt1\project interim\inter\debug-windows-x86_64\engine\win_core.obj
c:\users\tadai\desktop\games tech kursinis\advanced games technology pt1\project interim\inter\debug-windows-x86_64\engine\gl_vertex_array.obj
c:\users\tadai\desktop\games tech kursinis\advanced games technology pt1\project interim\inter\debug-windows-x86_64\engine\gl_texture.obj
c:\users\tadai\desktop\games tech kursinis\advanced games technology pt1\project interim\inter\debug-windows-x86_64\engine\gl_shader.obj
c:\users\tadai\desktop\games tech kursinis\advanced games technology pt1\project interim\inter\debug-windows-x86_64\engine\gl_renderer_api.obj
c:\users\tadai\desktop\games tech kursinis\advanced games technology pt1\project interim\inter\debug-windows-x86_64\engine\gl_mesh.obj
c:\users\tadai\desktop\games tech kursinis\advanced games technology pt1\project interim\inter\debug-windows-x86_64\engine\gl_context.obj
c:\users\tadai\desktop\games tech kursinis\advanced games technology pt1\project interim\inter\debug-windows-x86_64\engine\gl_buffer.obj
c:\users\tadai\desktop\games tech kursinis\advanced games technology pt1\project interim\inter\debug-windows-x86_64\engine\context.obj
c:\users\tadai\desktop\games tech kursinis\advanced games technology pt1\project interim\inter\debug-windows-x86_64\engine\track.obj
c:\users\tadai\desktop\games tech kursinis\advanced games technology pt1\project interim\inter\debug-windows-x86_64\engine\timer.obj
c:\users\tadai\desktop\games tech kursinis\advanced games technology pt1\project interim\inter\debug-windows-x86_64\engine\event_sound.obj
c:\users\tadai\desktop\games tech kursinis\advanced games technology pt1\project interim\inter\debug-windows-x86_64\engine\bullet_manager.obj
c:\users\tadai\desktop\games tech kursinis\advanced games technology pt1\project interim\inter\debug-windows-x86_64\engine\audio_manager.obj
c:\users\tadai\desktop\games tech kursinis\advanced games technology pt1\project interim\inter\debug-windows-x86_64\engine\vertex_array.obj
c:\users\tadai\desktop\games tech kursinis\advanced games technology pt1\project interim\inter\debug-windows-x86_64\engine\texture.obj
c:\users\tadai\desktop\games tech kursinis\advanced games technology pt1\project interim\inter\debug-windows-x86_64\engine\text_manager.obj
c:\users\tadai\desktop\games tech kursinis\advanced games technology pt1\project interim\inter\debug-windows-x86_64\engine\skinned_mesh.obj
c:\users\tadai\desktop\games tech kursinis\advanced games technology pt1\project interim\inter\debug-windows-x86_64\engine\shader.obj
c:\users\tadai\desktop\games tech kursinis\advanced games technology pt1\project interim\inter\debug-windows-x86_64\engine\win_window.obj
c:\users\tadai\desktop\games tech kursinis\advanced games technology pt1\project interim\inter\debug-windows-x86_64\engine\rock.obj
c:\users\tadai\desktop\games tech kursinis\advanced games technology pt1\project interim\bin\debug-windows-x86_64\engine\engine.lib
c:\users\tadai\desktop\games tech kursinis\advanced games technology pt1\project\inter\debug-windows-x86_64\engine\application.obj
c:\users\tadai\desktop\games tech kursinis\advanced games technology pt1\project\inter\debug-windows-x86_64\engine\audio_manager.obj
c:\users\tadai\desktop\games tech kursinis\advanced games technology pt1\project\inter\debug-windows-x86_64\engine\buffer.obj
c:\users\tadai\desktop\games tech kursinis\advanced games technology pt1\project\inter\debug-windows-x86_64\engine\bullet_manager.obj
c:\users\tadai\desktop\games tech kursinis\advanced games technology pt1\project\inter\debug-windows-x86_64\engine\camera.obj
c:\users\tadai\desktop\games tech kursinis\advanced games technology pt1\project\inter\debug-windows-x86_64\engine\character.obj
c:\users\tadai\desktop\games tech kursinis\advanced games technology pt1\project\inter\debug-windows-x86_64\engine\context.obj
c:\users\tadai\desktop\games tech kursinis\advanced games technology pt1\project\inter\debug-windows-x86_64\engine\cuboid.obj
c:\users\tadai\desktop\games tech kursinis\advanced games technology pt1\project\inter\debug-windows-x86_64\engine\event_sound.obj
c:\users\tadai\desktop\games tech kursinis\advanced games technology pt1\project\inter\debug-windows-x86_64\engine\game_object.obj
c:\users\tadai\desktop\games tech kursinis\advanced games technology pt1\project\inter\debug-windows-x86_64\engine\gl_buffer.obj
c:\users\tadai\desktop\games tech kursinis\advanced games technology pt1\project\inter\debug-windows-x86_64\engine\gl_context.obj
c:\users\tadai\desktop\games tech kursinis\advanced games technology pt1\project\inter\debug-windows-x86_64\engine\gl_mesh.obj
c:\users\tadai\desktop\games tech kursinis\advanced games technology pt1\project\inter\debug-windows-x86_64\engine\gl_renderer_api.obj
c:\users\tadai\desktop\games tech kursinis\advanced games technology pt1\project\inter\debug-windows-x86_64\engine\gl_shader.obj
c:\users\tadai\desktop\games tech kursinis\advanced games technology pt1\project\inter\debug-windows-x86_64\engine\gl_texture.obj
c:\users\tadai\desktop\games tech kursinis\advanced games technology pt1\project\inter\debug-windows-x86_64\engine\gl_vertex_array.obj
c:\users\tadai\desktop\games tech kursinis\advanced games technology pt1\project\inter\debug-windows-x86_64\engine\heightmap.obj
c:\users\tadai\desktop\games tech kursinis\advanced games technology pt1\project\inter\debug-windows-x86_64\engine\layer.obj
c:\users\tadai\desktop\games tech kursinis\advanced games technology pt1\project\inter\debug-windows-x86_64\engine\layers_stack.obj
c:\users\tadai\desktop\games tech kursinis\advanced games technology pt1\project\inter\debug-windows-x86_64\engine\light.obj
c:\users\tadai\desktop\games tech kursinis\advanced games technology pt1\project\inter\debug-windows-x86_64\engine\logger.obj
c:\users\tadai\desktop\games tech kursinis\advanced games technology pt1\project\inter\debug-windows-x86_64\engine\material.obj
c:\users\tadai\desktop\games tech kursinis\advanced games technology pt1\project\inter\debug-windows-x86_64\engine\mesh.obj
c:\users\tadai\desktop\games tech kursinis\advanced games technology pt1\project\inter\debug-windows-x86_64\engine\model.obj
c:\users\tadai\desktop\games tech kursinis\advanced games technology pt1\project\inter\debug-windows-x86_64\engine\pch.obj
c:\users\tadai\desktop\games tech kursinis\advanced games technology pt1\project\inter\debug-windows-x86_64\engine\renderer.obj
c:\users\tadai\desktop\games tech kursinis\advanced games technology pt1\project\inter\debug-windows-x86_64\engine\render_command.obj
c:\users\tadai\desktop\games tech kursinis\advanced games technology pt1\project\inter\debug-windows-x86_64\engine\rock.obj
c:\users\tadai\desktop\games tech kursinis\advanced games technology pt1\project\inter\debug-windows-x86_64\engine\shader.obj
c:\users\tadai\desktop\games tech kursinis\advanced games technology pt1\project\inter\debug-windows-x86_64\engine\skinned_mesh.obj
c:\users\tadai\desktop\games tech kursinis\advanced games technology pt1\project\inter\debug-windows-x86_64\engine\skybox.obj
c:\users\tadai\desktop\games tech kursinis\advanced games technology pt1\project\inter\debug-windows-x86_64\engine\spaceship.obj
c:\users\tadai\desktop\games tech kursinis\advanced games technology pt1\project\inter\debug-windows-x86_64\engine\sphere.obj
c:\users\tadai\desktop\games tech kursinis\advanced games technology pt1\project\inter\debug-windows-x86_64\engine\terrain.obj
c:\users\tadai\desktop\games tech kursinis\advanced games technology pt1\project\inter\debug-windows-x86_64\engine\texture.obj
c:\users\tadai\desktop\games tech kursinis\advanced games technology pt1\project\inter\debug-windows-x86_64\engine\text_manager.obj
c:\users\tadai\desktop\games tech kursinis\advanced games technology pt1\project\inter\debug-windows-x86_64\engine\timer.obj
c:\users\tadai\desktop\games tech kursinis\advanced games technology pt1\project\inter\debug-windows-x86_64\engine\track.obj
c:\users\tadai\desktop\games tech kursinis\advanced games technology pt1\project\inter\debug-windows-x86_64\engine\vertex_array.obj
c:\users\tadai\desktop\games tech kursinis\advanced games technology pt1\project\inter\debug-windows-x86_64\engine\win_core.obj
c:\users\tadai\desktop\games tech kursinis\advanced games technology pt1\project\inter\debug-windows-x86_64\engine\win_input.obj
c:\users\tadai\desktop\games tech kursinis\advanced games technology pt1\project\inter\debug-windows-x86_64\engine\win_window.obj
c:\users\tadai\desktop\games tech kursinis\advanced games technology pt1\project\inter\debug-windows-x86_64\engine\engine.pch
c:\users\tadai\desktop\games tech kursinis\advanced games technology pt1\project\inter\debug-windows-x86_64\engine\engine.idb
c:\users\tadai\desktop\games tech kursinis\advanced games technology pt1\project\inter\debug-windows-x86_64\engine\engine.pdb
c:\users\tadai\desktop\games tech kursinis\advanced games technology pt1\project\engine\..\bin\debug-windows-x86_64\engine\engine.lib
c:\users\tadai\desktop\games tech kursinis\advanced games technology pt1\project\inter\debug-windows-x86_64\engine\engine.tlog\cl.command.1.tlog
c:\users\tadai\desktop\games tech kursinis\advanced games technology pt1\project\inter\debug-windows-x86_64\engine\engine.tlog\cl.read.1.tlog
c:\users\tadai\desktop\games tech kursinis\advanced games technology pt1\project\inter\debug-windows-x86_64\engine\engine.tlog\cl.write.1.tlog
c:\users\tadai\desktop\games tech kursinis\advanced games technology pt1\project\inter\debug-windows-x86_64\engine\engine.tlog\lib-link.read.1.tlog
c:\users\tadai\desktop\games tech kursinis\advanced games technology pt1\project\inter\debug-windows-x86_64\engine\engine.tlog\lib-link.write.1.tlog
c:\users\tadai\desktop\games tech kursinis\advanced games technology pt1\project\inter\debug-windows-x86_64\engine\engine.tlog\lib.command.1.tlog
